<?xml version="1.0" encoding="UTF-8"?>
<!-- Generated by org.testng.reporters.JUnitReportReporter -->
<testsuite hostname="ISAR-PC" failures="0" tests="5" name="TestPages.NoCommTestPage" time="70.747" errors="0" timestamp="2023-10-30T20:07:11 EDT" skipped="0">
  <testcase classname="TestPages.NoCommTestPage" name="testCellphoneTab" time="7.431"/>
  <testcase classname="TestPages.NoCommTestPage" name="addPhoneAndCheckout" time="17.033"/>
  <testcase classname="TestPages.NoCommTestPage" name="checkoutBillingInfo" time="16.068"/>
  <testcase classname="TestPages.NoCommTestPage" name="checkoutShipAndPayment" time="19.662"/>
  <testcase classname="TestPages.NoCommTestPage" name="completeOrder" time="10.553"/>
</testsuite> <!-- TestPages.NoCommTestPage -->
