<?xml version="1.0" encoding="UTF-8"?>
<!-- Generated by org.testng.reporters.JUnitReportReporter -->
<testsuite hostname="ISAR-PC" failures="0" tests="6" name="TestPages.NoCommTestPage2" time="70.654" errors="0" timestamp="2023-10-18T17:45:02 EDT" skipped="1">
  <testcase classname="TestPages.NoCommTestPage2" name="testCellphoneTab" time="7.495"/>
  <testcase classname="TestPages.NoCommTestPage2" name="addPhoneAndCheckout" time="16.888"/>
  <testcase classname="TestPages.NoCommTestPage2" name="checkoutBillingInfo" time="16.132"/>
  <testcase classname="TestPages.NoCommTestPage2" name="checkoutShipAndPayment" time="19.522"/>
  <testcase classname="TestPages.NoCommTestPage2" name="completeOrder" time="10.617"/>
  <testcase classname="TestPages.NoCommTestPage2" name="testLogin">
    <skipped/>
  </testcase> <!-- testLogin -->
</testsuite> <!-- TestPages.NoCommTestPage2 -->
