<?xml version="1.0" encoding="UTF-8"?>
<!-- Generated by org.testng.reporters.JUnitReportReporter -->
<testsuite hostname="ISAR-PC" failures="0" tests="2" name="Utilities.dataProviderExcelTest" time="18.232" errors="0" timestamp="2023-11-12T21:10:16 EST" skipped="0">
  <testcase classname="Utilities.dataProviderExcelTest" name="setupTest" time="10.562"/>
  <testcase classname="Utilities.dataProviderExcelTest" name="setupTest" time="7.670"/>
</testsuite> <!-- Utilities.dataProviderExcelTest -->
