<?xml version="1.0" encoding="UTF-8"?>
<!-- Generated by org.testng.reporters.JUnitReportReporter -->
<testsuite hostname="ISAR-PC" failures="0" tests="6" name="NoCommerceProject.TestPage" time="70.616" errors="0" timestamp="2023-10-16T18:54:47 EDT" skipped="1">
  <testcase classname="NoCommerceProject.TestPage" name="testCellphoneTab" time="7.340"/>
  <testcase classname="NoCommerceProject.TestPage" name="addPhone" time="17.042"/>
  <testcase classname="NoCommerceProject.TestPage" name="checkoutBillingInfo" time="16.036"/>
  <testcase classname="NoCommerceProject.TestPage" name="checkoutShipAndPayment" time="19.703"/>
  <testcase classname="NoCommerceProject.TestPage" name="completeOrder" time="10.495"/>
  <testcase classname="NoCommerceProject.TestPage" name="testLogin">
    <skipped/>
  </testcase> <!-- testLogin -->
</testsuite> <!-- NoCommerceProject.TestPage -->
