<?xml version="1.0" encoding="UTF-8"?>
<!-- Generated by org.testng.reporters.JUnitReportReporter -->
<testsuite hostname="ISAR-PC" failures="0" tests="2" name="TestPages.dataProviderMySqlTest" time="17.110" errors="0" timestamp="2023-11-12T21:10:47 EST" skipped="0">
  <testcase classname="TestPages.dataProviderMySqlTest" name="setUpTest" time="10.547"/>
  <testcase classname="TestPages.dataProviderMySqlTest" name="setUpTest" time="6.563"/>
</testsuite> <!-- TestPages.dataProviderMySqlTest -->
